  AudioEntity.cpp
c:\users\plati\onedrive\documents\visual studio 2015\projects\opengl_testing2\boilerplate\AudioEntity.h(2): fatal error C1083: Cannot open include file: 'AL/al.h': No such file or directory
  AudioPlate.cpp
c:\users\plati\onedrive\documents\visual studio 2015\projects\opengl_testing2\boilerplate\LoadAudio.h(5): fatal error C1083: Cannot open include file: 'AL/al.h': No such file or directory
  BinaryLoader.cpp
c:\users\plati\onedrive\documents\visual studio 2015\projects\opengl_testing2\boilerplate\Entity.h(4): fatal error C1083: Cannot open include file: 'GL/glew.h': No such file or directory
  BoilerPlate.cpp
c:\users\plati\onedrive\documents\visual studio 2015\projects\opengl_testing2\boilerplate\BoilerPlate.h(3): fatal error C1083: Cannot open include file: 'GL/glew.h': No such file or directory
  Camera.cpp
  Constants.cpp
c:\users\plati\onedrive\documents\visual studio 2015\projects\opengl_testing2\boilerplate\Properties.h(4): fatal error C1083: Cannot open include file: 'GL/glew.h': No such file or directory
  Entity.cpp
c:\users\plati\onedrive\documents\visual studio 2015\projects\opengl_testing2\boilerplate\Entity.h(4): fatal error C1083: Cannot open include file: 'GL/glew.h': No such file or directory
  Framebuffer.cpp
c:\users\plati\onedrive\documents\visual studio 2015\projects\opengl_testing2\boilerplate\Framebuffer.h(11): fatal error C1083: Cannot open include file: 'GL/glew.h': No such file or directory
  ImageLoader.cpp
ImageLoader.cpp(35): warning C4996: 'fopen': This function or variable may be unsafe. Consider using fopen_s instead. To disable deprecation, use _CRT_SECURE_NO_WARNINGS. See online help for details.
  C:\Program Files (x86)\Windows Kits\10\Include\10.0.10240.0\ucrt\stdio.h(205): note: see declaration of 'fopen'
ImageLoader.cpp(63): warning C4996: 'fopen': This function or variable may be unsafe. Consider using fopen_s instead. To disable deprecation, use _CRT_SECURE_NO_WARNINGS. See online help for details.
  C:\Program Files (x86)\Windows Kits\10\Include\10.0.10240.0\ucrt\stdio.h(205): note: see declaration of 'fopen'
  KeyHandler.cpp
c:\users\plati\onedrive\documents\visual studio 2015\projects\opengl_testing2\boilerplate\KeyHandler.h(3): fatal error C1083: Cannot open include file: 'GL/glew.h': No such file or directory
  LoadAudio.cpp
c:\users\plati\onedrive\documents\visual studio 2015\projects\opengl_testing2\boilerplate\LoadAudio.h(5): fatal error C1083: Cannot open include file: 'AL/al.h': No such file or directory
  lodepng.cpp
  ModelLoader.cpp
c:\users\plati\onedrive\documents\visual studio 2015\projects\opengl_testing2\boilerplate\ModelLoader.h(3): fatal error C1083: Cannot open include file: 'assimp\Importer.hpp': No such file or directory
  MouseHandler.cpp
c:\users\plati\onedrive\documents\visual studio 2015\projects\opengl_testing2\boilerplate\Properties.h(4): fatal error C1083: Cannot open include file: 'GL/glew.h': No such file or directory
  ObjLoader.cpp
c:\users\plati\onedrive\documents\visual studio 2015\projects\opengl_testing2\boilerplate\Entity.h(4): fatal error C1083: Cannot open include file: 'GL/glew.h': No such file or directory
  PhysicsConstants.cpp
  PhysicsEntity.cpp
  PhysicsWorld.cpp
  PostProcessing.cpp
c:\users\plati\onedrive\documents\visual studio 2015\projects\opengl_testing2\boilerplate\PostProcessing.h(3): warning C4067: unexpected tokens following preprocessor directive - expected a newline
c:\users\plati\onedrive\documents\visual studio 2015\projects\opengl_testing2\boilerplate\Shader.h(8): fatal error C1083: Cannot open include file: 'GL/glew.h': No such file or directory
  Properties.cpp
c:\users\plati\onedrive\documents\visual studio 2015\projects\opengl_testing2\boilerplate\Properties.h(4): fatal error C1083: Cannot open include file: 'GL/glew.h': No such file or directory
  Compiling...
  Renderer.cpp
c:\users\plati\onedrive\documents\visual studio 2015\projects\opengl_testing2\boilerplate\Entity.h(4): fatal error C1083: Cannot open include file: 'GL/glew.h': No such file or directory
  Shader.cpp
c:\users\plati\onedrive\documents\visual studio 2015\projects\opengl_testing2\boilerplate\Shader.h(8): fatal error C1083: Cannot open include file: 'GL/glew.h': No such file or directory
  Skybox.cpp
c:\users\plati\onedrive\documents\visual studio 2015\projects\opengl_testing2\boilerplate\Entity.h(4): fatal error C1083: Cannot open include file: 'GL/glew.h': No such file or directory
  Terrain.cpp
c:\users\plati\onedrive\documents\visual studio 2015\projects\opengl_testing2\boilerplate\Entity.h(4): fatal error C1083: Cannot open include file: 'GL/glew.h': No such file or directory
  TerrainGenerator.cpp
TerrainGenerator.cpp(16): warning C4244: 'argument': conversion from 'time_t' to 'unsigned int', possible loss of data
TerrainGenerator.cpp(41): warning C4244: 'argument': conversion from 'time_t' to 'unsigned int', possible loss of data
TerrainGenerator.cpp(43): warning C4244: '=': conversion from 'float' to 'unsigned int', possible loss of data
TerrainGenerator.cpp(58): warning C4244: 'initializing': conversion from 'double' to 'float', possible loss of data
  Texture.cpp
c:\users\plati\onedrive\documents\visual studio 2015\projects\opengl_testing2\boilerplate\Texture.h(5): fatal error C1083: Cannot open include file: 'GL/glew.h': No such file or directory
  Timer.cpp
  Water.cpp
c:\users\plati\onedrive\documents\visual studio 2015\projects\opengl_testing2\boilerplate\Framebuffer.h(11): fatal error C1083: Cannot open include file: 'GL/glew.h': No such file or directory
