c:\users\plati\onedrive\documents\visual studio 2015\projects\opengl_testing2\boilerplate\debug\boilerplate.pdb
c:\users\plati\onedrive\documents\visual studio 2015\projects\opengl_testing2\boilerplate\debug\boilerplate.idb
c:\users\plati\onedrive\documents\visual studio 2015\projects\opengl_testing2\boilerplate\debug\imageloader.obj
c:\users\plati\onedrive\documents\visual studio 2015\projects\opengl_testing2\boilerplate\debug\keyhandler.obj
c:\users\plati\onedrive\documents\visual studio 2015\projects\opengl_testing2\boilerplate\debug\loadaudio.obj
c:\users\plati\onedrive\documents\visual studio 2015\projects\opengl_testing2\boilerplate\debug\lodepng.obj
c:\users\plati\onedrive\documents\visual studio 2015\projects\opengl_testing2\boilerplate\debug\modelloader.obj
c:\users\plati\onedrive\documents\visual studio 2015\projects\opengl_testing2\boilerplate\debug\mousehandler.obj
c:\users\plati\onedrive\documents\visual studio 2015\projects\opengl_testing2\boilerplate\debug\objloader.obj
c:\users\plati\onedrive\documents\visual studio 2015\projects\opengl_testing2\boilerplate\debug\physicsconstants.obj
c:\users\plati\onedrive\documents\visual studio 2015\projects\opengl_testing2\boilerplate\debug\physicsentity.obj
c:\users\plati\onedrive\documents\visual studio 2015\projects\opengl_testing2\boilerplate\debug\physicsworld.obj
c:\users\plati\onedrive\documents\visual studio 2015\projects\opengl_testing2\boilerplate\debug\postprocessing.obj
c:\users\plati\onedrive\documents\visual studio 2015\projects\opengl_testing2\boilerplate\debug\properties.obj
c:\users\plati\onedrive\documents\visual studio 2015\projects\opengl_testing2\boilerplate\debug\renderer.obj
c:\users\plati\onedrive\documents\visual studio 2015\projects\opengl_testing2\boilerplate\debug\shader.obj
c:\users\plati\onedrive\documents\visual studio 2015\projects\opengl_testing2\boilerplate\debug\skybox.obj
c:\users\plati\onedrive\documents\visual studio 2015\projects\opengl_testing2\boilerplate\debug\terrain.obj
c:\users\plati\onedrive\documents\visual studio 2015\projects\opengl_testing2\boilerplate\debug\terraingenerator.obj
c:\users\plati\onedrive\documents\visual studio 2015\projects\opengl_testing2\boilerplate\debug\texture.obj
c:\users\plati\onedrive\documents\visual studio 2015\projects\opengl_testing2\boilerplate\debug\timer.obj
c:\users\plati\onedrive\documents\visual studio 2015\projects\opengl_testing2\boilerplate\debug\water.obj
c:\users\plati\onedrive\documents\visual studio 2015\projects\opengl_testing2\boilerplate\debug\audioentity.obj
c:\users\plati\onedrive\documents\visual studio 2015\projects\opengl_testing2\boilerplate\debug\audioplate.obj
c:\users\plati\onedrive\documents\visual studio 2015\projects\opengl_testing2\boilerplate\debug\binaryloader.obj
c:\users\plati\onedrive\documents\visual studio 2015\projects\opengl_testing2\boilerplate\debug\boilerplate.obj
c:\users\plati\onedrive\documents\visual studio 2015\projects\opengl_testing2\boilerplate\debug\camera.obj
c:\users\plati\onedrive\documents\visual studio 2015\projects\opengl_testing2\boilerplate\debug\constants.obj
c:\users\plati\onedrive\documents\visual studio 2015\projects\opengl_testing2\boilerplate\debug\entity.obj
c:\users\plati\onedrive\documents\visual studio 2015\projects\opengl_testing2\boilerplate\debug\framebuffer.obj
c:\users\plati\onedrive\documents\visual studio 2015\projects\opengl_testing2\libsx86\boilerplate.lib
c:\users\plati\onedrive\documents\visual studio 2015\projects\opengl_testing2\boilerplate\..\libsx86\boilerplate.lib
c:\users\plati\onedrive\documents\visual studio 2015\projects\opengl_testing2\boilerplate\debug\boilerplate.tlog\cl.command.1.tlog
c:\users\plati\onedrive\documents\visual studio 2015\projects\opengl_testing2\boilerplate\debug\boilerplate.tlog\cl.read.1.tlog
c:\users\plati\onedrive\documents\visual studio 2015\projects\opengl_testing2\boilerplate\debug\boilerplate.tlog\cl.write.1.tlog
c:\users\plati\onedrive\documents\visual studio 2015\projects\opengl_testing2\boilerplate\debug\boilerplate.tlog\lib-link.read.1.tlog
c:\users\plati\onedrive\documents\visual studio 2015\projects\opengl_testing2\boilerplate\debug\boilerplate.tlog\lib-link.write.1.tlog
c:\users\plati\onedrive\documents\visual studio 2015\projects\opengl_testing2\boilerplate\debug\boilerplate.tlog\lib.command.1.tlog
