c:\users\plati\onedrive\documents\visual studio 2015\projects\opengl_testing2\boilerplate\x64\debug\boilerplate.pdb
c:\users\plati\onedrive\documents\visual studio 2015\projects\opengl_testing2\boilerplate\x64\debug\boilerplate.idb
c:\users\plati\onedrive\documents\visual studio 2015\projects\opengl_testing2\boilerplate\x64\debug\framebuffer.obj
c:\users\plati\onedrive\documents\visual studio 2015\projects\opengl_testing2\boilerplate\x64\debug\imageloader.obj
c:\users\plati\onedrive\documents\visual studio 2015\projects\opengl_testing2\boilerplate\x64\debug\keyhandler.obj
c:\users\plati\onedrive\documents\visual studio 2015\projects\opengl_testing2\boilerplate\x64\debug\loadaudio.obj
c:\users\plati\onedrive\documents\visual studio 2015\projects\opengl_testing2\boilerplate\x64\debug\lodepng.obj
c:\users\plati\onedrive\documents\visual studio 2015\projects\opengl_testing2\boilerplate\x64\debug\mousehandler.obj
c:\users\plati\onedrive\documents\visual studio 2015\projects\opengl_testing2\boilerplate\x64\debug\physicsconstants.obj
c:\users\plati\onedrive\documents\visual studio 2015\projects\opengl_testing2\boilerplate\x64\debug\physicsentity.obj
c:\users\plati\onedrive\documents\visual studio 2015\projects\opengl_testing2\boilerplate\x64\debug\physicsworld.obj
c:\users\plati\onedrive\documents\visual studio 2015\projects\opengl_testing2\boilerplate\x64\debug\postprocessing.obj
c:\users\plati\onedrive\documents\visual studio 2015\projects\opengl_testing2\boilerplate\x64\debug\properties.obj
c:\users\plati\onedrive\documents\visual studio 2015\projects\opengl_testing2\boilerplate\x64\debug\renderer.obj
c:\users\plati\onedrive\documents\visual studio 2015\projects\opengl_testing2\boilerplate\x64\debug\shader.obj
c:\users\plati\onedrive\documents\visual studio 2015\projects\opengl_testing2\boilerplate\x64\debug\skybox.obj
c:\users\plati\onedrive\documents\visual studio 2015\projects\opengl_testing2\boilerplate\x64\debug\terrain.obj
c:\users\plati\onedrive\documents\visual studio 2015\projects\opengl_testing2\boilerplate\x64\debug\terraingenerator.obj
c:\users\plati\onedrive\documents\visual studio 2015\projects\opengl_testing2\boilerplate\x64\debug\texture.obj
c:\users\plati\onedrive\documents\visual studio 2015\projects\opengl_testing2\boilerplate\x64\debug\timer.obj
c:\users\plati\onedrive\documents\visual studio 2015\projects\opengl_testing2\boilerplate\x64\debug\water.obj
c:\users\plati\onedrive\documents\visual studio 2015\projects\opengl_testing2\boilerplate\x64\debug\audioentity.obj
c:\users\plati\onedrive\documents\visual studio 2015\projects\opengl_testing2\boilerplate\x64\debug\audioplate.obj
c:\users\plati\onedrive\documents\visual studio 2015\projects\opengl_testing2\boilerplate\x64\debug\binaryloader.obj
c:\users\plati\onedrive\documents\visual studio 2015\projects\opengl_testing2\boilerplate\x64\debug\boilerplate.obj
c:\users\plati\onedrive\documents\visual studio 2015\projects\opengl_testing2\boilerplate\x64\debug\camera.obj
c:\users\plati\onedrive\documents\visual studio 2015\projects\opengl_testing2\boilerplate\x64\debug\constants.obj
c:\users\plati\onedrive\documents\visual studio 2015\projects\opengl_testing2\boilerplate\x64\debug\entity.obj
c:\users\plati\onedrive\documents\visual studio 2015\projects\opengl_testing2\boilerplate\x64\debug\boilerplate.tlog\cl.command.1.tlog
c:\users\plati\onedrive\documents\visual studio 2015\projects\opengl_testing2\boilerplate\x64\debug\boilerplate.tlog\cl.read.1.tlog
c:\users\plati\onedrive\documents\visual studio 2015\projects\opengl_testing2\boilerplate\x64\debug\boilerplate.tlog\cl.write.1.tlog
